**********************
Windows PowerShell transcript start
Start time: 20231207133828
Username: DESKTOP-1C1VU8G\pship
RunAs User: DESKTOP-1C1VU8G\pship
Configuration Name: 
Machine: DESKTOP-1C1VU8G (Microsoft Windows NT 10.0.22621.0)
Host Application: C:\WINDOWS\system32\WindowsPowerShell\v1.0\PowerShell_ISE.exe
Process ID: 59256
PSVersion: 5.1.22621.2506
PSEdition: Desktop
PSCompatibleVersions: 1.0, 2.0, 3.0, 4.0, 5.0, 5.1.22621.2506
BuildVersion: 10.0.22621.2506
CLRVersion: 4.0.30319.42000
WSManStackVersion: 3.0
PSRemotingProtocolVersion: 2.3
SerializationVersion: 1.1.0.1
**********************
Transcript started, output file is C:\github\VITG\MYOB_AR_Updater\MYOB_AR_Updater\Install-MYOB-AR-Client.log
No MYOB Version found, dosen't support new installs!
